<?xml version="1.0" encoding="utf-8"?><testsuites name="pytest tests"><testsuite name="pytest" errors="0" failures="0" skipped="0" tests="27" time="6.930" timestamp="2026-04-16T17:33:52.717321+00:00" hostname="agent-env-9ccc51d3-d0e5-4987-8185-7ae315007a48"><testcase classname="backend.tests.test_orchestration.TestOrchestrationHealth" name="test_health_returns_ok" time="0.204" /><testcase classname="backend.tests.test_orchestration.TestOrchestrationAuth" name="test_load_spv_missing_auth_returns_401" time="0.158" /><testcase classname="backend.tests.test_orchestration.TestOrchestrationAuth" name="test_load_spv_invalid_token_returns_403" time="0.148" /><testcase classname="backend.tests.test_orchestration.TestOrchestrationAuth" name="test_set_disclosure_missing_auth_returns_401" time="0.191" /><testcase classname="backend.tests.test_orchestration.TestOrchestrationAuth" name="test_status_missing_auth_returns_401" time="0.133" /><testcase classname="backend.tests.test_orchestration.TestOrchestrationAuth" name="test_resolve_visibility_missing_auth_returns_401" time="0.141" /><testcase classname="backend.tests.test_orchestration.TestOrchestrationAuth" name="test_set_waterfall_missing_auth_returns_401" time="0.147" /><testcase classname="backend.tests.test_orchestration.TestLoadSPV" name="test_load_valid_spv_returns_view_model" time="0.301" /><testcase classname="backend.tests.test_orchestration.TestLoadSPV" name="test_load_invalid_spv_returns_404" time="0.301" /><testcase classname="backend.tests.test_orchestration.TestSetDisclosure" name="test_set_disclosure_blocked" time="0.257" /><testcase classname="backend.tests.test_orchestration.TestSetDisclosure" name="test_set_disclosure_teaser" time="0.241" /><testcase classname="backend.tests.test_orchestration.TestSetDisclosure" name="test_set_disclosure_preview" time="0.254" /><testcase classname="backend.tests.test_orchestration.TestSetDisclosure" name="test_set_disclosure_full" time="0.247" /><testcase classname="backend.tests.test_orchestration.TestSetDisclosure" name="test_set_disclosure_invalid_spv_returns_404" time="0.316" /><testcase classname="backend.tests.test_orchestration.TestSetDisclosure" name="test_set_disclosure_invalid_level_returns_422" time="0.157" /><testcase classname="backend.tests.test_orchestration.TestGetStatus" name="test_status_valid_spv" time="0.243" /><testcase classname="backend.tests.test_orchestration.TestGetStatus" name="test_status_invalid_spv" time="0.250" /><testcase classname="backend.tests.test_orchestration.TestResolveVisibility" name="test_resolve_visibility_valid_spv" time="0.276" /><testcase classname="backend.tests.test_orchestration.TestResolveVisibility" name="test_resolve_visibility_invalid_spv" time="0.246" /><testcase classname="backend.tests.test_orchestration.TestSetWaterfallPermission" name="test_set_waterfall_permitted_true" time="0.259" /><testcase classname="backend.tests.test_orchestration.TestSetWaterfallPermission" name="test_set_waterfall_permitted_false" time="0.241" /><testcase classname="backend.tests.test_orchestration.TestSetWaterfallPermission" name="test_set_waterfall_invalid_spv_returns_404" time="0.229" /><testcase classname="backend.tests.test_orchestration.TestSPVVisibility" name="test_spv_visibility_no_auth_required" time="0.255" /><testcase classname="backend.tests.test_orchestration.TestSPVVisibility" name="test_spv_visibility_returns_map" time="0.297" /><testcase classname="backend.tests.test_orchestration.TestVisibilityStateFiltering" name="test_teaser_visibility_filters_data" time="0.517" /><testcase classname="backend.tests.test_orchestration.TestVisibilityStateFiltering" name="test_blocked_visibility_shows_minimal" time="0.595" /><testcase classname="backend.tests.test_orchestration.TestVisibilityStateFiltering" name="test_reset_to_teaser" time="0.238" /></testsuite></testsuites>